For /nfs/homes/pmelo-ca/francinette/tests/printf/printfTester/tests/sharp_test.cpp:
25: 	TEST(1, print(" %#x ", 0));
49: 	TEST(25, print(" %#x ", LONG_MIN));
53: 	TEST(29, print(" %#x %#x %#x %#x %#x %#x %#x", INT_MAX, INT_MIN, LONG_MAX, LONG_MIN, ULONG_MAX, 0, -42));
56: 	TEST(31, print(" %#X ", 0));
80: 	TEST(55, print(" %#X ", LONG_MIN));
84: 	TEST(59, print(" %#X %#X %#X %#X %#X %#X %#X", INT_MAX, INT_MIN, LONG_MAX, LONG_MIN, ULONG_MAX, 0, -42));

For /nfs/homes/pmelo-ca/francinette/tests/printf/printfTester/tests/space_test.cpp:
26: 	TEST(2, print(" % 1s", ""));
27: 	TEST(3, print("% 1s ", ""));
36: 	TEST(11, print(" % d ", -1));
47: 	TEST(22, print(" % d ", -9));
48: 	TEST(23, print(" % d ", -10));
49: 	TEST(24, print(" % d ", -11));
50: 	TEST(25, print(" % d ", -14));
51: 	TEST(26, print(" % d ", -15));
52: 	TEST(27, print(" % d ", -16));
53: 	TEST(28, print(" % d ", -99));
54: 	TEST(29, print(" % d ", -100));
55: 	TEST(30, print(" % d ", -101));
57: 	TEST(32, print(" % d ", INT_MIN));
58: 	TEST(33, print(" % d ", LONG_MAX));
60: 	TEST(35, print(" % d ", UINT_MAX));
61: 	TEST(36, print(" % d ", ULONG_MAX));
62: 	TEST(37, print(" % d ", 9223372036854775807LL));
63: 	TEST(38, print(" % d % d % d % d % d % d % d", INT_MAX, INT_MIN, LONG_MAX, LONG_MIN, ULONG_MAX, 0, -42));
66: 	TEST(40, print(" % i ", -1));
77: 	TEST(51, print(" % i ", -9));
78: 	TEST(52, print(" % i ", -10));
79: 	TEST(53, print(" % i ", -11));
80: 	TEST(54, print(" % i ", -14));
81: 	TEST(55, print(" % i ", -15));
82: 	TEST(56, print(" % i ", -16));
83: 	TEST(57, print(" % i ", -99));
84: 	TEST(58, print(" % i ", -100));
85: 	TEST(59, print(" % i ", -101));
87: 	TEST(61, print(" % i ", INT_MIN));
88: 	TEST(62, print(" % i ", LONG_MAX));
90: 	TEST(64, print(" % i ", UINT_MAX));
91: 	TEST(65, print(" % i ", ULONG_MAX));
92: 	TEST(66, print(" % i ", 9223372036854775807LL));
93: 	TEST(67, print(" % i % i % i % i % i % i % i", INT_MAX, INT_MIN, LONG_MAX, LONG_MIN, ULONG_MAX, 0, -42));

For /nfs/homes/pmelo-ca/francinette/tests/printf/printfTester/tests/+_test.cpp:
26: 	TEST(2, print(" %+d ", -1));
36: 	TEST(12, print(" %+d ", -9));
37: 	TEST(13, print(" %+d ", -10));
38: 	TEST(14, print(" %+d ", -11));
39: 	TEST(15, print(" %+d ", -14));
40: 	TEST(16, print(" %+d ", -15));
41: 	TEST(17, print(" %+d ", -16));
42: 	TEST(18, print(" %+d ", -99));
43: 	TEST(19, print(" %+d ", -100));
44: 	TEST(20, print(" %+d ", -101));
46: 	TEST(22, print(" %+d ", INT_MIN));
47: 	TEST(23, print(" %+d ", LONG_MAX));
49: 	TEST(25, print(" %+d ", UINT_MAX));
50: 	TEST(26, print(" %+d ", ULONG_MAX));
51: 	TEST(27, print(" %+d ", 9223372036854775807LL));
52: 	TEST(28, print(" %+d %+d %+d %+d %+d %+d %+d", INT_MAX, INT_MIN, LONG_MAX, LONG_MIN, ULONG_MAX, 0, -42));
55: 	TEST(30, print(" %+i ", -1));
66: 	TEST(41, print(" %+i ", -9));
67: 	TEST(41, print(" %+i ", -10));
68: 	TEST(42, print(" %+i ", -11));
69: 	TEST(43, print(" %+i ", -14));
70: 	TEST(44, print(" %+i ", -15));
71: 	TEST(45, print(" %+i ", -16));
72: 	TEST(46, print(" %+i ", -99));
73: 	TEST(47, print(" %+i ", -100));
74: 	TEST(48, print(" %+i ", -101));
75: 	TEST(49, print(" %+i ", INT_MAX));
77: 	TEST(51, print(" %+i ", LONG_MAX));
78: 	TEST(52, print(" %+i ", LONG_MIN));
80: 	TEST(54, print(" %+i ", ULONG_MAX));
81: 	TEST(55, print(" %+i ", 9223372036854775807LL));
82: 	TEST(56, print(" %+i %+i %+i %+i %+i %+i %+i", INT_MAX, INT_MIN, LONG_MAX, LONG_MIN, ULONG_MAX, 0, -42));

